{"level":"info","message":"Hello from Acquisitions API endpoint","service":"acquisitions-api"}
{"level":"info","message":"::1 - - [03/Jan/2026:02:05:49 +0000] \"GET / HTTP/1.1\" 200 29 \"-\" \"Mozilla/5.0 (Windows NT 10.0; Win64; x64) AppleWebKit/537.36 (KHTML, like Gecko) Chrome/143.0.0.0 Safari/537.36\"","service":"acquisitions-api"}
{"level":"info","message":"::1 - - [03/Jan/2026:02:05:49 +0000] \"GET /favicon.ico HTTP/1.1\" 404 150 \"-\" \"Mozilla/5.0 (Windows NT 10.0; Win64; x64) AppleWebKit/537.36 (KHTML, like Gecko) Chrome/143.0.0.0 Safari/537.36\"","service":"acquisitions-api"}
{"level":"info","message":"Hello from Acquisitions API endpoint","service":"acquisitions-api"}
{"level":"info","message":"::1 - - [03/Jan/2026:06:28:14 +0000] \"GET / HTTP/1.1\" 200 29 \"-\" \"PostmanRuntime/7.51.0\"","service":"acquisitions-api"}
{"level":"info","message":"::1 - - [03/Jan/2026:06:28:45 +0000] \"GET /api HTTP/1.1\" 200 41 \"-\" \"PostmanRuntime/7.51.0\"","service":"acquisitions-api"}
{"level":"info","message":"::1 - - [03/Jan/2026:06:29:10 +0000] \"GET /health HTTP/1.1\" 200 76 \"-\" \"PostmanRuntime/7.51.0\"","service":"acquisitions-api"}
{"level":"info","message":"::1 - - [03/Jan/2026:06:30:00 +0000] \"POST /api/auth/sign-in HTTP/1.1\" 200 31 \"-\" \"PostmanRuntime/7.51.0\"","service":"acquisitions-api"}
{"level":"info","message":"::1 - - [12/Jan/2026:13:16:46 +0000] \"POST /api/auth/sign-up HTTP/1.1\" 200 31 \"-\" \"PostmanRuntime/7.51.0\"","service":"acquisitions-api"}
{"level":"info","message":"::1 - - [12/Jan/2026:14:21:32 +0000] \"POST /api/auth/sign-up HTTP/1.1\" 400 92 \"-\" \"PostmanRuntime/7.51.0\"","service":"acquisitions-api"}
{"level":"info","message":"::1 - - [13/Jan/2026:05:56:04 +0000] \"POST /api/auth/sign-up HTTP/1.1\" 400 92 \"-\" \"PostmanRuntime/7.51.0\"","service":"acquisitions-api"}
{"level":"info","message":"::1 - - [13/Jan/2026:05:56:47 +0000] \"POST /api/auth/sign-up HTTP/1.1\" 400 92 \"-\" \"PostmanRuntime/7.51.0\"","service":"acquisitions-api"}
{"level":"info","message":"::1 - - [13/Jan/2026:05:57:19 +0000] \"POST /api/auth/sign-up HTTP/1.1\" 400 92 \"-\" \"PostmanRuntime/7.51.0\"","service":"acquisitions-api"}
{"level":"info","message":"::1 - - [13/Jan/2026:05:58:11 +0000] \"POST /api/auth/sign-up HTTP/1.1\" 400 196 \"-\" \"PostmanRuntime/7.51.0\"","service":"acquisitions-api"}
{"level":"info","message":"::1 - - [13/Jan/2026:05:58:13 +0000] \"POST /api/auth/sign-up HTTP/1.1\" 400 92 \"-\" \"PostmanRuntime/7.51.0\"","service":"acquisitions-api"}
{"level":"info","message":"::1 - - [13/Jan/2026:05:59:15 +0000] \"POST /api/auth/sign-up HTTP/1.1\" 400 92 \"-\" \"PostmanRuntime/7.51.0\"","service":"acquisitions-api"}
{"level":"info","message":"::1 - - [13/Jan/2026:06:02:06 +0000] \"POST /api/auth/sign-up HTTP/1.1\" 400 92 \"-\" \"PostmanRuntime/7.51.0\"","service":"acquisitions-api"}
{"level":"info","message":"::1 - - [13/Jan/2026:06:08:57 +0000] \"POST /api/auth/sign-up HTTP/1.1\" 400 92 \"-\" \"PostmanRuntime/7.51.0\"","service":"acquisitions-api"}
{"level":"info","message":"User registered successfully: micorpx@gmail.com","service":"acquisitions-api"}
{"level":"info","message":"::1 - - [13/Jan/2026:06:10:58 +0000] \"POST /api/auth/sign-up HTTP/1.1\" 201 117 \"-\" \"PostmanRuntime/7.51.0\"","service":"acquisitions-api"}
{"level":"info","message":"User registered successfully: micorpx@gmail.com","service":"acquisitions-api"}
{"level":"info","message":"::1 - - [15/Jan/2026:04:39:56 +0000] \"POST /api/auth/sign-up HTTP/1.1\" 201 117 \"-\" \"PostmanRuntime/7.51.0\"","service":"acquisitions-api"}
{"level":"info","message":"User registered successfully: micorpx@gmail.com","service":"acquisitions-api"}
{"level":"info","message":"::1 - - [15/Jan/2026:04:40:06 +0000] \"POST /api/auth/sign-up HTTP/1.1\" 201 117 \"-\" \"PostmanRuntime/7.51.0\"","service":"acquisitions-api"}
{"level":"error","message":"Error creating user : TypeError: Cannot convert undefined or null to object","service":"acquisitions-api"}
{"level":"info","message":"::1 - - [15/Jan/2026:05:06:18 +0000] \"POST /api/auth/sign-up HTTP/1.1\" 500 279 \"-\" \"PostmanRuntime/7.51.0\"","service":"acquisitions-api"}
{"level":"error","message":"Error creating user : TypeError: Cannot convert undefined or null to object","service":"acquisitions-api"}
{"level":"info","message":"::1 - - [15/Jan/2026:05:07:03 +0000] \"POST /api/auth/sign-up HTTP/1.1\" 500 279 \"-\" \"PostmanRuntime/7.51.0\"","service":"acquisitions-api"}
{"level":"error","message":"Error creating user : TypeError: Cannot convert undefined or null to object","service":"acquisitions-api"}
{"level":"error","message":"Error in signUp: Cannot convert undefined or null to object","service":"acquisitions-api","stack":"TypeError: Cannot convert undefined or null to object\n    at Function.entries (<anonymous>)\n    at orderSelectedFields (file:///C:/Users/kekeb/Downloads/acquisitions/node_modules/drizzle-orm/utils.js:55:17)\n    at file:///C:/Users/kekeb/Downloads/acquisitions/node_modules/drizzle-orm/utils.js:65:22\n    at Array.reduce (<anonymous>)\n    at orderSelectedFields (file:///C:/Users/kekeb/Downloads/acquisitions/node_modules/drizzle-orm/utils.js:55:33)\n    at QueryPromise.returning (file:///C:/Users/kekeb/Downloads/acquisitions/node_modules/drizzle-orm/pg-core/query-builders/insert.js:75:29)\n    at createUser (file:///C:/Users/kekeb/Downloads/acquisitions/src/services/auth.service.js:32:12)\n    at async signUp (file:///C:/Users/kekeb/Downloads/acquisitions/src/controllers/auth.controller.js:21:22)"}
{"level":"info","message":"::1 - - [15/Jan/2026:05:14:28 +0000] \"POST /api/auth/sign-up HTTP/1.1\" 500 1043 \"-\" \"PostmanRuntime/7.51.0\"","service":"acquisitions-api"}
{"level":"error","message":"Error creating user : TypeError: Cannot convert undefined or null to object","service":"acquisitions-api"}
{"level":"error","message":"Error in signUp: Cannot convert undefined or null to object","service":"acquisitions-api","stack":"TypeError: Cannot convert undefined or null to object\n    at Function.entries (<anonymous>)\n    at orderSelectedFields (file:///C:/Users/kekeb/Downloads/acquisitions/node_modules/drizzle-orm/utils.js:55:17)\n    at file:///C:/Users/kekeb/Downloads/acquisitions/node_modules/drizzle-orm/utils.js:65:22\n    at Array.reduce (<anonymous>)\n    at orderSelectedFields (file:///C:/Users/kekeb/Downloads/acquisitions/node_modules/drizzle-orm/utils.js:55:33)\n    at QueryPromise.returning (file:///C:/Users/kekeb/Downloads/acquisitions/node_modules/drizzle-orm/pg-core/query-builders/insert.js:75:29)\n    at createUser (file:///C:/Users/kekeb/Downloads/acquisitions/src/services/auth.service.js:33:12)\n    at async signUp (file:///C:/Users/kekeb/Downloads/acquisitions/src/controllers/auth.controller.js:21:22)"}
{"level":"info","message":"::1 - - [15/Jan/2026:05:23:30 +0000] \"POST /api/auth/sign-up HTTP/1.1\" 500 1043 \"-\" \"PostmanRuntime/7.51.0\"","service":"acquisitions-api"}
{"level":"error","message":"Error creating user : TypeError: Cannot convert undefined or null to object","service":"acquisitions-api"}
{"level":"error","message":"Error in signUp: Cannot convert undefined or null to object","service":"acquisitions-api","stack":"TypeError: Cannot convert undefined or null to object\n    at Function.entries (<anonymous>)\n    at orderSelectedFields (file:///C:/Users/kekeb/Downloads/acquisitions/node_modules/drizzle-orm/utils.js:55:17)\n    at file:///C:/Users/kekeb/Downloads/acquisitions/node_modules/drizzle-orm/utils.js:65:22\n    at Array.reduce (<anonymous>)\n    at orderSelectedFields (file:///C:/Users/kekeb/Downloads/acquisitions/node_modules/drizzle-orm/utils.js:55:33)\n    at QueryPromise.returning (file:///C:/Users/kekeb/Downloads/acquisitions/node_modules/drizzle-orm/pg-core/query-builders/insert.js:75:29)\n    at createUser (file:///C:/Users/kekeb/Downloads/acquisitions/src/services/auth.service.js:39:12)\n    at async signUp (file:///C:/Users/kekeb/Downloads/acquisitions/src/controllers/auth.controller.js:23:22)"}
{"level":"info","message":"::1 - - [15/Jan/2026:05:32:48 +0000] \"POST /api/auth/sign-up HTTP/1.1\" 500 1043 \"-\" \"PostmanRuntime/7.51.0\"","service":"acquisitions-api"}
{"level":"info","message":"User micorpx@gmail.com created successfully","service":"acquisitions-api"}
{"level":"error","message":"Failed to authenticate token jwt is not defined","service":"acquisitions-api","stack":"ReferenceError: jwt is not defined\n    at Object.sign (file:///C:/Users/kekeb/Downloads/acquisitions/src/utils/jwt.js:12:13)\n    at signUp (file:///C:/Users/kekeb/Downloads/acquisitions/src/controllers/auth.controller.js:25:32)\n    at process.processTicksAndRejections (node:internal/process/task_queues:105:5)"}
{"level":"error","message":"Error in signUp: Failed to authenticate token","service":"acquisitions-api","stack":"Error: Failed to authenticate token\n    at Object.sign (file:///C:/Users/kekeb/Downloads/acquisitions/src/utils/jwt.js:15:19)\n    at signUp (file:///C:/Users/kekeb/Downloads/acquisitions/src/controllers/auth.controller.js:25:32)\n    at process.processTicksAndRejections (node:internal/process/task_queues:105:5)"}
{"level":"info","message":"::1 - - [15/Jan/2026:05:37:20 +0000] \"POST /api/auth/sign-up HTTP/1.1\" 500 477 \"-\" \"PostmanRuntime/7.51.0\"","service":"acquisitions-api"}
{"level":"error","message":"Error creating user : Error: User already exists","service":"acquisitions-api"}
{"level":"error","message":"Error in signUp: User already exists","service":"acquisitions-api","stack":"Error: User already exists\n    at createUser (file:///C:/Users/kekeb/Downloads/acquisitions/src/services/auth.service.js:28:19)\n    at process.processTicksAndRejections (node:internal/process/task_queues:105:5)\n    at async signUp (file:///C:/Users/kekeb/Downloads/acquisitions/src/controllers/auth.controller.js:23:22)"}
{"level":"info","message":"::1 - - [15/Jan/2026:05:39:05 +0000] \"POST /api/auth/sign-up HTTP/1.1\" 500 485 \"-\" \"PostmanRuntime/7.51.0\"","service":"acquisitions-api"}
{"level":"info","message":"User micorpx1@gmail.com created successfully","service":"acquisitions-api"}
{"level":"info","message":"User registered successfully: micorpx1@gmail.com","service":"acquisitions-api"}
{"level":"info","message":"::1 - - [15/Jan/2026:05:39:31 +0000] \"POST /api/auth/sign-up HTTP/1.1\" 201 120 \"-\" \"PostmanRuntime/7.51.0\"","service":"acquisitions-api"}
{"level":"error","message":"Error creating user : Error: User already exists","service":"acquisitions-api"}
{"level":"error","message":"Error in signUp: User already exists","service":"acquisitions-api","stack":"Error: User already exists\n    at createUser (file:///C:/Users/kekeb/Downloads/acquisitions/src/services/auth.service.js:28:19)\n    at process.processTicksAndRejections (node:internal/process/task_queues:105:5)\n    at async signUp (file:///C:/Users/kekeb/Downloads/acquisitions/src/controllers/auth.controller.js:23:22)"}
{"level":"info","message":"::1 - - [15/Jan/2026:05:40:02 +0000] \"POST /api/auth/sign-up HTTP/1.1\" 500 485 \"-\" \"PostmanRuntime/7.51.0\"","service":"acquisitions-api"}
{"level":"info","message":"User micorpx2@gmail.com created successfully","service":"acquisitions-api"}
{"level":"info","message":"User registered successfully: micorpx2@gmail.com","service":"acquisitions-api"}
{"level":"info","message":"::1 - - [15/Jan/2026:06:33:10 +0000] \"POST /api/auth/sign-up HTTP/1.1\" 201 119 \"-\" \"PostmanRuntime/7.51.0\"","service":"acquisitions-api"}
{"level":"info","message":"Hello from Acquisitions API endpoint","service":"acquisitions-api"}
{"level":"info","message":"::1 - - [01/Feb/2026:16:06:12 +0000] \"GET / HTTP/1.1\" 200 29 \"-\" \"Mozilla/5.0 (Windows NT 10.0; Win64; x64) AppleWebKit/537.36 (KHTML, like Gecko) Chrome/144.0.0.0 Safari/537.36\"","service":"acquisitions-api"}
{"level":"info","message":"::1 - - [01/Feb/2026:16:06:12 +0000] \"GET /favicon.ico HTTP/1.1\" 404 150 \"-\" \"Mozilla/5.0 (Windows NT 10.0; Win64; x64) AppleWebKit/537.36 (KHTML, like Gecko) Chrome/144.0.0.0 Safari/537.36\"","service":"acquisitions-api"}
{"level":"info","message":"User micorpx2@gmail.com authenticated successfully","service":"acquisitions-api"}
{"level":"info","message":"User signed in successfully: micorpx2@gmail.com","service":"acquisitions-api"}
{"level":"info","message":"::1 - - [01/Feb/2026:16:06:57 +0000] \"POST /api/auth/sign-in HTTP/1.1\" 200 118 \"-\" \"PostmanRuntime/7.51.0\"","service":"acquisitions-api"}
{"level":"info","message":"User signed out successfully","service":"acquisitions-api"}
{"level":"info","message":"::1 - - [01/Feb/2026:16:08:16 +0000] \"POST /api/auth/sign-out HTTP/1.1\" 200 42 \"-\" \"PostmanRuntime/7.51.0\"","service":"acquisitions-api"}
